# JRE version: Java(TM) SE Runtime Environment (8.0_20-b26) (build 1.8.0_20-b26)
# Java VM: Java HotSpot(TM) 64-Bit Server VM (25.20-b23 mixed mode windows-amd64 compressed oops)
Heap:
 PSYoungGen      total 609280K, used 482757K [0x00000000d6b80000, 0x0000000100000000, 0x0000000100000000)
  eden space 555520K, 77% used [0x00000000d6b80000,0x00000000f1293a00,0x00000000f8a00000)
  from space 53760K, 92% used [0x00000000fcb80000,0x00000000ffbddaf0,0x0000000100000000)
  to   space 60416K, 0% used [0x00000000f8a00000,0x00000000f8a00000,0x00000000fc500000)
 ParOldGen       total 253440K, used 107285K [0x0000000084200000, 0x0000000093980000, 0x00000000d6b80000)
  object space 253440K, 42% used [0x0000000084200000,0x000000008aac5790,0x0000000093980000)
 Metaspace       used 18502K, capacity 19172K, committed 19328K, reserved 1067008K
  class space    used 2432K, capacity 2577K, committed 2688K, reserved 1048576K
GC Heap History (10 events):
Event: 137.346 GC heap before
{Heap before GC invocations=67 (full 6):
 PSYoungGen      total 584192K, used 571357K [0x00000000d6b80000, 0x00000000fd300000, 0x0000000100000000)
  eden space 545280K, 100% used [0x00000000d6b80000,0x00000000f8000000,0x00000000f8000000)
  from space 38912K, 67% used [0x00000000fa680000,0x00000000fbff7450,0x00000000fcc80000)
  to   space 39424K, 0% used [0x00000000f8000000,0x00000000f8000000,0x00000000fa680000)
 ParOldGen       total 139776K, used 44160K [0x0000000084200000, 0x000000008ca80000, 0x00000000d6b80000)
  object space 139776K, 31% used [0x0000000084200000,0x0000000086d200f8,0x000000008ca80000)
 Metaspace       used 18490K, capacity 19172K, committed 19328K, reserved 1067008K
  class space    used 2432K, capacity 2577K, committed 2688K, reserved 1048576K
Event: 137.363 GC heap after
Heap after GC invocations=67 (full 6):
 PSYoungGen      total 584704K, used 38928K [0x00000000d6b80000, 0x00000000ff780000, 0x0000000100000000)
  eden space 545280K, 0% used [0x00000000d6b80000,0x00000000d6b80000,0x00000000f8000000)
  from space 39424K, 98% used [0x00000000f8000000,0x00000000fa604070,0x00000000fa680000)
  to   space 44032K, 0% used [0x00000000fcc80000,0x00000000fcc80000,0x00000000ff780000)
 ParOldGen       total 139776K, used 80610K [0x0000000084200000, 0x000000008ca80000, 0x00000000d6b80000)
  object space 139776K, 57% used [0x0000000084200000,0x00000000890b8958,0x000000008ca80000)
 Metaspace       used 18490K, capacity 19172K, committed 19328K, reserved 1067008K
  class space    used 2432K, capacity 2577K, committed 2688K, reserved 1048576K
}
Event: 138.551 GC heap before
{Heap before GC invocations=68 (full 6):
 PSYoungGen      total 584704K, used 584208K [0x00000000d6b80000, 0x00000000ff780000, 0x0000000100000000)
  eden space 545280K, 100% used [0x00000000d6b80000,0x00000000f8000000,0x00000000f8000000)
  from space 39424K, 98% used [0x00000000f8000000,0x00000000fa604070,0x00000000fa680000)
  to   space 44032K, 0% used [0x00000000fcc80000,0x00000000fcc80000,0x00000000ff780000)
 ParOldGen       total 139776K, used 80832K [0x0000000084200000, 0x000000008ca80000, 0x00000000d6b80000)
  object space 139776K, 57% used [0x0000000084200000,0x00000000890f0338,0x000000008ca80000)
 Metaspace       used 18490K, capacity 19172K, committed 19328K, reserved 1067008K
  class space    used 2432K, capacity 2577K, committed 2688K, reserved 1048576K
Event: 138.574 GC heap after
Heap after GC invocations=68 (full 6):
 PSYoungGen      total 619008K, used 41135K [0x00000000d6b80000, 0x0000000100000000, 0x0000000100000000)
  eden space 574976K, 0% used [0x00000000d6b80000,0x00000000d6b80000,0x00000000f9d00000)
  from space 44032K, 93% used [0x00000000fcc80000,0x00000000ff4abe80,0x00000000ff780000)
  to   space 48640K, 0% used [0x00000000f9d00000,0x00000000f9d00000,0x00000000fcc80000)
 ParOldGen       total 139776K, used 111207K [0x0000000084200000, 0x000000008ca80000, 0x00000000d6b80000)
  object space 139776K, 79% used [0x0000000084200000,0x000000008ae99f88,0x000000008ca80000)
 Metaspace       used 18490K, capacity 19172K, committed 19328K, reserved 1067008K
  class space    used 2432K, capacity 2577K, committed 2688K, reserved 1048576K
}
Event: 139.898 GC heap before
{Heap before GC invocations=69 (full 6):
 PSYoungGen      total 619008K, used 616111K [0x00000000d6b80000, 0x0000000100000000, 0x0000000100000000)
  eden space 574976K, 100% used [0x00000000d6b80000,0x00000000f9d00000,0x00000000f9d00000)
  from space 44032K, 93% used [0x00000000fcc80000,0x00000000ff4abe80,0x00000000ff780000)
  to   space 48640K, 0% used [0x00000000f9d00000,0x00000000f9d00000,0x00000000fcc80000)
 ParOldGen       total 139776K, used 111213K [0x0000000084200000, 0x000000008ca80000, 0x00000000d6b80000)
  object space 139776K, 79% used [0x0000000084200000,0x000000008ae9b618,0x000000008ca80000)
 Metaspace       used 18502K, capacity 19172K, committed 19328K, reserved 1067008K
  class space    used 2432K, capacity 2577K, committed 2688K, reserved 1048576K
Event: 139.926 GC heap after
Heap after GC invocations=69 (full 6):
 PSYoungGen      total 622592K, used 47425K [0x00000000d6b80000, 0x0000000100000000, 0x0000000100000000)
  eden space 574976K, 0% used [0x00000000d6b80000,0x00000000d6b80000,0x00000000f9d00000)
  from space 47616K, 99% used [0x00000000f9d00000,0x00000000fcb50728,0x00000000fcb80000)
  to   space 53760K, 0% used [0x00000000fcb80000,0x00000000fcb80000,0x0000000100000000)
 ParOldGen       total 152064K, used 147663K [0x0000000084200000, 0x000000008d680000, 0x00000000d6b80000)
  object space 152064K, 97% used [0x0000000084200000,0x000000008d233e78,0x000000008d680000)
 Metaspace       used 18502K, capacity 19172K, committed 19328K, reserved 1067008K
  class space    used 2432K, capacity 2577K, committed 2688K, reserved 1048576K
}
Event: 139.926 GC heap before
{Heap before GC invocations=70 (full 7):
 PSYoungGen      total 622592K, used 47425K [0x00000000d6b80000, 0x0000000100000000, 0x0000000100000000)
  eden space 574976K, 0% used [0x00000000d6b80000,0x00000000d6b80000,0x00000000f9d00000)
  from space 47616K, 99% used [0x00000000f9d00000,0x00000000fcb50728,0x00000000fcb80000)
  to   space 53760K, 0% used [0x00000000fcb80000,0x00000000fcb80000,0x0000000100000000)
 ParOldGen       total 152064K, used 147663K [0x0000000084200000, 0x000000008d680000, 0x00000000d6b80000)
  object space 152064K, 97% used [0x0000000084200000,0x000000008d233e78,0x000000008d680000)
 Metaspace       used 18502K, capacity 19172K, committed 19328K, reserved 1067008K
  class space    used 2432K, capacity 2577K, committed 2688K, reserved 1048576K
Event: 139.971 GC heap after
Heap after GC invocations=70 (full 7):
 PSYoungGen      total 622592K, used 0K [0x00000000d6b80000, 0x0000000100000000, 0x0000000100000000)
  eden space 574976K, 0% used [0x00000000d6b80000,0x00000000d6b80000,0x00000000f9d00000)
  from space 47616K, 0% used [0x00000000f9d00000,0x00000000f9d00000,0x00000000fcb80000)
  to   space 53760K, 0% used [0x00000000fcb80000,0x00000000fcb80000,0x0000000100000000)
 ParOldGen       total 253440K, used 107063K [0x0000000084200000, 0x0000000093980000, 0x00000000d6b80000)
  object space 253440K, 42% used [0x0000000084200000,0x000000008aa8ddb0,0x0000000093980000)
 Metaspace       used 18502K, capacity 19172K, committed 19328K, reserved 1067008K
  class space    used 2432K, capacity 2577K, committed 2688K, reserved 1048576K
}
Event: 141.393 GC heap before
{Heap before GC invocations=71 (full 7):
 PSYoungGen      total 622592K, used 574976K [0x00000000d6b80000, 0x0000000100000000, 0x0000000100000000)
  eden space 574976K, 100% used [0x00000000d6b80000,0x00000000f9d00000,0x00000000f9d00000)
  from space 47616K, 0% used [0x00000000f9d00000,0x00000000f9d00000,0x00000000fcb80000)
  to   space 53760K, 0% used [0x00000000fcb80000,0x00000000fcb80000,0x0000000100000000)
 ParOldGen       total 253440K, used 107285K [0x0000000084200000, 0x0000000093980000, 0x00000000d6b80000)
  object space 253440K, 42% used [0x0000000084200000,0x000000008aac5790,0x0000000093980000)
 Metaspace       used 18502K, capacity 19172K, committed 19328K, reserved 1067008K
  class space    used 2432K, capacity 2577K, committed 2688K, reserved 1048576K
Event: 141.446 GC heap after
Heap after GC invocations=71 (full 7):
 PSYoungGen      total 609280K, used 49526K [0x00000000d6b80000, 0x0000000100000000, 0x0000000100000000)
  eden space 555520K, 0% used [0x00000000d6b80000,0x00000000d6b80000,0x00000000f8a00000)
  from space 53760K, 92% used [0x00000000fcb80000,0x00000000ffbddaf0,0x0000000100000000)
  to   space 60416K, 0% used [0x00000000f8a00000,0x00000000f8a00000,0x00000000fc500000)
 ParOldGen       total 253440K, used 107285K [0x0000000084200000, 0x0000000093980000, 0x00000000d6b80000)
  object space 253440K, 42% used [0x0000000084200000,0x000000008aac5790,0x0000000093980000)
 Metaspace       used 18502K, capacity 19172K, committed 19328K, reserved 1067008K
  class space    used 2432K, capacity 2577K, committed 2688K, reserved 1048576K
}

